<?xml version="1.0" encoding="UTF-8"?>
<testng-results ignored="0" total="1" passed="1" failed="0" skipped="0">
  <reporter-output>
  </reporter-output>
  <suite started-at="2021-02-06T10:07:57 WAT" name="Suite" finished-at="2021-02-06T10:08:08 WAT" duration-ms="11355">
    <groups>
    </groups>
    <test started-at="2021-02-06T10:07:57 WAT" name="Test" finished-at="2021-02-06T10:08:08 WAT" duration-ms="11355">
      <class name="pack.classe4">
        <test-method is-config="true" signature="BeforetTest()[pri:0, instance:pack.classe4@6a6afff2]" started-at="2021-02-06T10:07:57 WAT" name="BeforetTest" finished-at="2021-02-06T10:08:08 WAT" duration-ms="11129" status="PASS">
          <reporter-output>
          </reporter-output>
        </test-method> <!-- BeforetTest -->
        <test-method signature="Test4()[pri:0, instance:pack.classe4@6a6afff2]" started-at="2021-02-06T10:08:08 WAT" name="Test4" finished-at="2021-02-06T10:08:08 WAT" duration-ms="58" status="PASS">
          <reporter-output>
          </reporter-output>
        </test-method> <!-- Test4 -->
        <test-method is-config="true" signature="AfterTest()[pri:0, instance:pack.classe4@6a6afff2]" started-at="2021-02-06T10:08:08 WAT" name="AfterTest" finished-at="2021-02-06T10:08:08 WAT" duration-ms="108" status="PASS">
          <reporter-output>
          </reporter-output>
        </test-method> <!-- AfterTest -->
      </class> <!-- pack.classe4 -->
    </test> <!-- Test -->
  </suite> <!-- Suite -->
</testng-results>
