<?xml version="1.0" encoding="UTF-8"?>
<testng-results ignored="0" total="3" passed="3" failed="0" skipped="0">
  <reporter-output>
  </reporter-output>
  <suite started-at="2021-02-06T09:25:50 CET" name="Default suite" finished-at="2021-02-06T09:26:37 CET" duration-ms="47151">
    <groups>
    </groups>
    <test started-at="2021-02-06T09:25:50 CET" name="Default test" finished-at="2021-02-06T09:26:37 CET" duration-ms="47151">
      <class name="pack.classe1">
        <test-method is-config="true" signature="BeforetTest()[pri:0, instance:pack.classe1@2a54a73f]" started-at="2021-02-06T09:25:50 CET" name="BeforetTest" finished-at="2021-02-06T09:26:08 CET" duration-ms="17444" status="PASS">
          <reporter-output>
          </reporter-output>
        </test-method> <!-- BeforetTest -->
        <test-method signature="zTest1(java.lang.String, java.lang.String)[pri:0, instance:pack.classe1@2a54a73f]" started-at="2021-02-06T09:26:08 CET" name="zTest1" data-provider="getdata" finished-at="2021-02-06T09:26:08 CET" duration-ms="299" status="PASS">
          <params>
            <param index="0">
              <value>
                <![CDATA[log1]]>
              </value>
            </param>
            <param index="1">
              <value>
                <![CDATA[pass1]]>
              </value>
            </param>
          </params>
          <reporter-output>
          </reporter-output>
        </test-method> <!-- zTest1 -->
        <test-method is-config="true" signature="AfterTest()[pri:0, instance:pack.classe1@2a54a73f]" started-at="2021-02-06T09:26:08 CET" name="AfterTest" finished-at="2021-02-06T09:26:08 CET" duration-ms="125" status="PASS">
          <reporter-output>
          </reporter-output>
        </test-method> <!-- AfterTest -->
        <test-method is-config="true" signature="BeforetTest()[pri:0, instance:pack.classe1@2a54a73f]" started-at="2021-02-06T09:26:08 CET" name="BeforetTest" finished-at="2021-02-06T09:26:23 CET" duration-ms="14620" status="PASS">
          <reporter-output>
          </reporter-output>
        </test-method> <!-- BeforetTest -->
        <test-method signature="zTest1(java.lang.String, java.lang.String)[pri:0, instance:pack.classe1@2a54a73f]" started-at="2021-02-06T09:26:23 CET" name="zTest1" data-provider="getdata" finished-at="2021-02-06T09:26:23 CET" duration-ms="372" status="PASS">
          <params>
            <param index="0">
              <value>
                <![CDATA[log2]]>
              </value>
            </param>
            <param index="1">
              <value>
                <![CDATA[pass2]]>
              </value>
            </param>
          </params>
          <reporter-output>
          </reporter-output>
        </test-method> <!-- zTest1 -->
        <test-method is-config="true" signature="AfterTest()[pri:0, instance:pack.classe1@2a54a73f]" started-at="2021-02-06T09:26:23 CET" name="AfterTest" finished-at="2021-02-06T09:26:23 CET" duration-ms="87" status="PASS">
          <reporter-output>
          </reporter-output>
        </test-method> <!-- AfterTest -->
        <test-method is-config="true" signature="BeforetTest()[pri:0, instance:pack.classe1@2a54a73f]" started-at="2021-02-06T09:26:23 CET" name="BeforetTest" finished-at="2021-02-06T09:26:37 CET" duration-ms="13489" status="PASS">
          <reporter-output>
          </reporter-output>
        </test-method> <!-- BeforetTest -->
        <test-method signature="zTest1(java.lang.String, java.lang.String)[pri:0, instance:pack.classe1@2a54a73f]" started-at="2021-02-06T09:26:37 CET" name="zTest1" data-provider="getdata" finished-at="2021-02-06T09:26:37 CET" duration-ms="478" status="PASS">
          <params>
            <param index="0">
              <value>
                <![CDATA[log3]]>
              </value>
            </param>
            <param index="1">
              <value>
                <![CDATA[pass3]]>
              </value>
            </param>
          </params>
          <reporter-output>
          </reporter-output>
        </test-method> <!-- zTest1 -->
        <test-method is-config="true" signature="AfterTest()[pri:0, instance:pack.classe1@2a54a73f]" started-at="2021-02-06T09:26:37 CET" name="AfterTest" finished-at="2021-02-06T09:26:37 CET" duration-ms="78" status="PASS">
          <reporter-output>
          </reporter-output>
        </test-method> <!-- AfterTest -->
      </class> <!-- pack.classe1 -->
    </test> <!-- Default test -->
  </suite> <!-- Default suite -->
</testng-results>
